2019-10-25 13:47:26,421 run_test.py[line:50] INFO 测试失败
2019-10-25 13:47:26,622 run_test.py[line:46] INFO 测试通过
2019-10-25 13:47:27,110 run_test.py[line:50] INFO 测试失败
2019-10-25 13:48:13,777 run_test.py[line:50] INFO 测试失败
2019-10-25 13:48:13,953 run_test.py[line:46] INFO 测试通过http://teacher.kid17.com/auth/v1/teacher/auths/login
2019-10-25 13:48:14,034 run_test.py[line:50] INFO 测试失败
2019-10-25 13:49:04,833 run_test.py[line:50] INFO 测试失败,失败路由：http://teacher.kid17.com/auth/v1/teacher/auths/status
2019-10-25 13:49:05,003 run_test.py[line:46] INFO 测试通过
2019-10-25 13:49:05,144 run_test.py[line:50] INFO 测试失败,失败路由：http://teacher.kid17-dev002.kid17.com/rest/graphql
2019-10-25 13:51:00,401 run_test.py[line:50] INFO 测试失败,失败路由：http://teacher.kid17.com/auth/v1/teacher/auths/status
2019-10-25 13:51:00,544 run_test.py[line:46] INFO 测试通过
2019-10-25 13:51:00,643 run_test.py[line:50] INFO 测试失败,失败路由：http://teacher.kid17-dev002.kid17.com/rest/graphql
2019-10-25 14:22:23,672 run_test.py[line:50] INFO 测试失败,失败路由：http://teacher.kid17.com/auth/v1/teacher/auths/status
2019-10-25 14:22:23,828 run_test.py[line:46] INFO 测试通过
2019-10-25 14:22:24,372 run_test.py[line:50] INFO 测试失败,失败路由：http://teacher.kid17-dev002.kid17.com/rest/graphql
2019-10-25 14:27:36,961 run_test.py[line:50] INFO 测试失败,失败路由：http://teacher.kid17.com/auth/v1/teacher/auths/status
2019-10-25 14:27:37,106 run_test.py[line:46] INFO 测试通过
2019-10-25 14:27:37,437 run_test.py[line:50] INFO 测试失败,失败路由：http://teacher.kid17-dev002.kid17.com/rest/graphql
2019-10-25 14:38:38,856 run_test.py[line:50] INFO 测试失败,失败路由：http://teacher.kid17.com/auth/v1/teacher/auths/status
2019-10-25 14:38:39,005 run_test.py[line:46] INFO 测试通过
2019-10-25 14:38:39,612 run_test.py[line:50] INFO 测试失败,失败路由：http://teacher.kid17-dev002.kid17.com/rest/graphql
2019-10-25 14:40:49,185 run_test.py[line:51] INFO 测试失败,失败路由：http://teacher.kid17.com/auth/v1/teacher/auths/status
2019-10-25 14:40:49,334 run_test.py[line:47] INFO 测试通过
2019-10-25 14:40:49,721 run_test.py[line:51] INFO 测试失败,失败路由：http://teacher.kid17-dev002.kid17.com/rest/graphql
2019-10-25 14:40:49,721 run_test.py[line:53] INFO 开始发送邮件，请注意查收
2019-10-25 15:04:44,380 run.py[line:17] INFO start run test case...
2019-10-25 15:08:33,175 run_test.py[line:53] INFO 测试失败,失败路由：http://teacher.kid17.com/auth/v1/teacher/auths/status
2019-10-25 15:08:33,379 run_test.py[line:49] INFO 测试通过
2019-10-25 15:08:33,961 run_test.py[line:49] INFO 测试通过
2019-10-25 15:08:33,962 run_test.py[line:55] INFO 发送邮件，请注意查收
2019-10-25 15:12:08,337 run_test.py[line:53] INFO 测试失败,失败路由：http://teacher.kid17.com/auth/v1/teacher/auths/status
2019-10-25 15:12:08,499 run_test.py[line:49] INFO 测试通过
2019-10-25 15:12:09,001 run_test.py[line:49] INFO 测试通过
2019-10-25 15:12:09,001 run_test.py[line:55] INFO 发送邮件，请注意查收
2019-10-25 15:17:49,006 run_test.py[line:53] INFO 测试失败,失败路由：http://teacher.kid17.com/auth/v1/teacher/auths/status
2019-10-25 15:17:49,192 run_test.py[line:49] INFO 测试通过
2019-10-25 15:17:49,569 run_test.py[line:49] INFO 测试通过
2019-10-25 15:17:49,570 run_test.py[line:55] INFO 发送已邮件，请注意查收
2019-10-25 15:23:44,421 run_test.py[line:53] INFO 测试失败,失败路由：http://teacher.kid17.com/auth/v1/teacher/auths/status
2019-10-25 15:23:44,587 run_test.py[line:49] INFO 测试通过
2019-10-25 15:23:44,752 run_test.py[line:49] INFO 测试通过
2019-10-25 15:23:44,752 run_test.py[line:55] INFO 发送已邮件，请注意查收
2019-10-25 15:47:33,349 run_test.py[line:53] INFO 测试失败,失败路由：http://teacher.kid17.com/auth/v1/teacher/auths/status
2019-10-25 15:47:33,491 run_test.py[line:49] INFO 测试通过
2019-10-25 15:47:33,645 run_test.py[line:49] INFO 测试通过
2019-10-25 15:47:33,645 run_test.py[line:55] INFO 发送已邮件，请注意查收
2019-10-25 16:33:15,895 run_test.py[line:53] INFO 测试失败,失败路由：http://teacher.kid17.com/auth/v1/teacher/auths/status
2019-10-25 16:33:16,048 run_test.py[line:49] INFO 测试通过
2019-10-25 16:33:16,192 run_test.py[line:49] INFO 测试通过
2019-10-25 16:33:16,192 run_test.py[line:55] INFO 邮件已发送，请注意查收
2019-10-25 16:34:58,367 run_test.py[line:54] INFO 测试失败。测试用例描述:检测手机号码是否存在 ,失败路由：http://teacher.kid17.com/auth/v1/teacher/auths/status
2019-10-25 16:34:58,524 run_test.py[line:50] INFO 测试通过
2019-10-25 16:34:58,598 run_test.py[line:50] INFO 测试通过
2019-10-25 16:34:58,599 run_test.py[line:56] INFO 邮件已发送，请注意查收
